build/app/intermediates/manifest_merge_blame_file/debug/manifest-merger-blame-debug-report.txt
1<?xml version="1.0" encoding="utf-8"?>
2<manifest xmlns:android="http://schemas.android.com/apk/res/android"
3    package="com.Hassen.login"
4    android:versionCode="1"
5    android:versionName="1.0.0" >
6
7    <uses-sdk
8        android:minSdkVersion="18"
9        android:targetSdkVersion="31" />
10    <!--
11         Flutter needs it to communicate with the running application
12         to allow setting breakpoints, to provide hot reload, etc.
13    -->
14    <uses-permission android:name="android.permission.INTERNET" />
14-->src\debug\AndroidManifest.xml:6:5-66
14-->src\debug\AndroidManifest.xml:6:22-64
15    <uses-permission android:name="android.permission.USE_BIOMETRIC" />
15-->src\main\AndroidManifest.xml:4:5-71
15-->src\main\AndroidManifest.xml:4:22-69
16    <uses-permission android:name="android.permission.USE_FINGERPRINT" />
16-->[:local_auth] AndroidManifest.xml:9:5-74
16-->[:local_auth] AndroidManifest.xml:9:22-71
17
18    <application
19        android:name="android.app.Application"
20        android:appComponentFactory="androidx.core.app.CoreComponentFactory"
20-->[androidx.core:core:1.6.0] AndroidManifest.xml:24:18-86
21        android:debuggable="true"
22        android:icon="@mipmap/ic_launcher"
23        android:label="login" >
24        <activity
25            android:name="com.Hassen.login.MainActivity"
26            android:configChanges="orientation|keyboardHidden|keyboard|screenSize|smallestScreenSize|locale|layoutDirection|fontScale|screenLayout|density|uiMode"
27            android:exported="true"
28            android:hardwareAccelerated="true"
29            android:launchMode="singleTop"
30            android:theme="@style/LaunchTheme"
31            android:windowSoftInputMode="adjustResize" >
32            <meta-data
33                android:name="io.flutter.embedding.android.NormalTheme"
34                android:resource="@style/NormalTheme" />
35
36            <intent-filter>
37                <action android:name="android.intent.action.MAIN" />
38
39                <category android:name="android.intent.category.LAUNCHER" />
40            </intent-filter>
41        </activity>
42
43        <meta-data
44            android:name="flutterEmbedding"
45            android:value="2" />
46
47        <uses-library
47-->[androidx.window:window:1.0.0-beta04] AndroidManifest.xml:25:9-27:40
48            android:name="androidx.window.extensions"
48-->[androidx.window:window:1.0.0-beta04] AndroidManifest.xml:26:13-54
49            android:required="false" />
49-->[androidx.window:window:1.0.0-beta04] AndroidManifest.xml:27:13-37
50        <uses-library
50-->[androidx.window:window:1.0.0-beta04] AndroidManifest.xml:28:9-30:40
51            android:name="androidx.window.sidecar"
51-->[androidx.window:window:1.0.0-beta04] AndroidManifest.xml:29:13-51
52            android:required="false" />
52-->[androidx.window:window:1.0.0-beta04] AndroidManifest.xml:30:13-37
53    </application>
54
55</manifest>